2024-02-02 20:07:25,642 [INFO] Activator:176 - 


2024-02-02 20:07:25,645 [INFO] Activator:177 - !SESSION log4j initialized
2024-02-02 20:07:28,170 [INFO] LogOutputStream:77 - [STDOUT_REDIRECT] 
2024-02-02 20:07:29,804 [INFO] ApplicationProperties:184 - Using Application install path: C:\ST\STM32CubeIDE_1.13.0\STM32CubeIDE\plugins\com.st.stm32cube.common.mx_6.10.0.202311202037
2024-02-02 20:07:29,832 [INFO] DbMcusXml:78 - Set database path to: C:\ST\STM32CubeIDE_1.13.0\STM32CubeIDE\plugins\com.st.stm32cube.common.mx_6.10.0.202311202037\\db\/mcu/
2024-02-02 20:07:29,833 [INFO] ApiDb:274 - Set plugin database path to: C:\ST\STM32CubeIDE_1.13.0\STM32CubeIDE\plugins\com.st.stm32cube.common.mx_6.10.0.202311202037\\db\/plugins/boardmanager/
2024-02-02 20:07:29,834 [WARN] ApiDb:259 - Overriding images path with different value:  => C:\ST\STM32CubeIDE_1.13.0\STM32CubeIDE\plugins\com.st.stm32cube.common.mx_6.10.0.202311202037\\db\/plugins/mcufinder/images/
2024-02-02 20:07:29,845 [INFO] ApiDb:250 - Set database path to: C:\Users\dimak\.stmcufinder\plugins\mcufinder//mcu/
2024-02-02 20:07:29,847 [INFO] DbMcusAds:125 - Set database path to: C:\Users\dimak\.stmcufinder\plugins\mcufinder//mcu/
2024-02-02 20:07:29,850 [INFO] CrossReferenceDbSqlite:203 - Set database path to: C:\Users\dimak\.stmcufinder\plugins\mcufinder//mcu/cs/
2024-02-02 20:07:29,991 [INFO] RulesReader:64 - Compatibility file has been processed (297 Rules)
2024-02-02 20:07:30,095 [INFO] DbMcusXml:78 - Set database path to: C:\ST\STM32CubeIDE_1.13.0\STM32CubeIDE\plugins\com.st.stm32cube.common.mx_6.10.0.202311202037\\db\/mcu/
2024-02-02 20:07:30,095 [INFO] ApiDb:274 - Set plugin database path to: C:\ST\STM32CubeIDE_1.13.0\STM32CubeIDE\plugins\com.st.stm32cube.common.mx_6.10.0.202311202037\\db\/plugins/boardmanager/
2024-02-02 20:07:30,096 [INFO] ApiDb:261 - Set plugin images path to: C:\ST\STM32CubeIDE_1.13.0\STM32CubeIDE\plugins\com.st.stm32cube.common.mx_6.10.0.202311202037\\db\/plugins/mcufinder/images/
2024-02-02 20:07:30,096 [WARN] DbFile:41 - Overriding database path with different value: C:\Users\dimak\.stmcufinder\plugins\mcufinder/ => C:\Users\dimak\.stmcufinder\plugins\mcufinder
2024-02-02 20:07:30,096 [INFO] ApiDb:250 - Set database path to: C:\Users\dimak\.stmcufinder\plugins\mcufinder//mcu/
2024-02-02 20:07:30,096 [WARN] DbFile:41 - Overriding database path with different value: C:\Users\dimak\.stmcufinder\plugins\mcufinder/ => C:\Users\dimak\.stmcufinder\plugins\mcufinder
2024-02-02 20:07:30,096 [INFO] DbMcusAds:125 - Set database path to: C:\Users\dimak\.stmcufinder\plugins\mcufinder//mcu/
2024-02-02 20:07:30,096 [WARN] DbFile:41 - Overriding database path with different value: C:\Users\dimak\.stmcufinder\plugins\mcufinder/ => C:\Users\dimak\.stmcufinder\plugins\mcufinder
2024-02-02 20:07:30,096 [WARN] DbFile:41 - Overriding database path with different value: C:\Users\dimak\.stmcufinder\plugins\mcufinder/ => C:\Users\dimak\.stmcufinder\plugins\mcufinder
2024-02-02 20:07:30,096 [INFO] CrossReferenceDbSqlite:203 - Set database path to: C:\Users\dimak\.stmcufinder\plugins\mcufinder//mcu/cs/
2024-02-02 20:07:30,177 [INFO] MainPanel:264 - HeapMemory: 268435456
2024-02-02 20:07:30,258 [INFO] DbMcusXml:78 - Set database path to: C:\ST\STM32CubeIDE_1.13.0\STM32CubeIDE\plugins\com.st.stm32cube.common.mx_6.10.0.202311202037\\db\/mcu/
2024-02-02 20:07:30,258 [INFO] ApiDb:274 - Set plugin database path to: C:\ST\STM32CubeIDE_1.13.0\STM32CubeIDE\plugins\com.st.stm32cube.common.mx_6.10.0.202311202037\\db\/plugins/boardmanager/
2024-02-02 20:07:30,258 [INFO] ApiDb:261 - Set plugin images path to: C:\ST\STM32CubeIDE_1.13.0\STM32CubeIDE\plugins\com.st.stm32cube.common.mx_6.10.0.202311202037\\db\/plugins/mcufinder/images/
2024-02-02 20:07:30,259 [WARN] DbFile:41 - Overriding database path with different value: C:\Users\dimak\.stmcufinder\plugins\mcufinder/ => C:\Users\dimak\.stmcufinder\plugins\mcufinder
2024-02-02 20:07:30,259 [INFO] ApiDb:250 - Set database path to: C:\Users\dimak\.stmcufinder\plugins\mcufinder//mcu/
2024-02-02 20:07:30,259 [WARN] DbFile:41 - Overriding database path with different value: C:\Users\dimak\.stmcufinder\plugins\mcufinder/ => C:\Users\dimak\.stmcufinder\plugins\mcufinder
2024-02-02 20:07:30,259 [INFO] DbMcusAds:125 - Set database path to: C:\Users\dimak\.stmcufinder\plugins\mcufinder//mcu/
2024-02-02 20:07:30,259 [WARN] DbFile:41 - Overriding database path with different value: C:\Users\dimak\.stmcufinder\plugins\mcufinder/ => C:\Users\dimak\.stmcufinder\plugins\mcufinder
2024-02-02 20:07:30,259 [WARN] DbFile:41 - Overriding database path with different value: C:\Users\dimak\.stmcufinder\plugins\mcufinder/ => C:\Users\dimak\.stmcufinder\plugins\mcufinder
2024-02-02 20:07:30,259 [INFO] CrossReferenceDbSqlite:203 - Set database path to: C:\Users\dimak\.stmcufinder\plugins\mcufinder//mcu/cs/
2024-02-02 20:07:30,276 [INFO] ApplicationProperties:184 - Using Application install path: C:\ST\STM32CubeIDE_1.13.0\STM32CubeIDE\plugins\com.st.stm32cube.common.mx_6.10.0.202311202037
2024-02-02 20:07:30,277 [INFO] PluginManage:196 - Search for loadable plugins [exclusion list=, ]
2024-02-02 20:07:30,278 [INFO] PluginManage:310 - Check plugin analytics
2024-02-02 20:07:30,449 [INFO] AnalyticsPlugin:253 - Accepted Software Licenses: STM32CubeMX.6.9.0,STM32CubeMX.6.8.0
2024-02-02 20:07:30,450 [INFO] AnalyticsPlugin:255 - Accepted CMSIS Pack Licenses: STMicroelectronics.X-CUBE-TOUCHGFX.4.22.0,SEGGER.I-CUBE-embOS.1.3.0,SEGGER.I-CUBE-embOS.1.2.0,SEGGER.I-CUBE-embOS.1.3.1,STMicroelectronics.X-CUBE-TOUCHGFX.4.23.0
2024-02-02 20:07:30,450 [INFO] AnalyticsPlugin:257 - Accepted Firmware Licenses: FW.F7.1.17.0,FW.F4.1.27.0
2024-02-02 20:07:30,452 [INFO] PluginManage:359 - Loaded plugin analytics (category:tool,tabindex:-1)
2024-02-02 20:07:30,453 [INFO] PluginManage:310 - Check plugin cadmodel
2024-02-02 20:07:30,458 [INFO] CADModel:105 - Init CAD model plugin
2024-02-02 20:07:30,458 [INFO] PluginManage:359 - Loaded plugin cadmodel (category:power,tabindex:5)
2024-02-02 20:07:30,458 [INFO] PluginManage:310 - Check plugin clock
2024-02-02 20:07:30,468 [INFO] PluginManage:359 - Loaded plugin clock (category:base,tabindex:2)
2024-02-02 20:07:30,468 [INFO] PluginManage:310 - Check plugin ddr
2024-02-02 20:07:30,473 [INFO] PluginManage:359 - Loaded plugin ddr (category:tool,tabindex:6)
2024-02-02 20:07:30,474 [INFO] PluginManage:310 - Check plugin filemanager
2024-02-02 20:07:30,637 [INFO] PluginManage:359 - Loaded plugin filemanager (category:base,tabindex:10)
2024-02-02 20:07:30,637 [INFO] PluginManage:310 - Check plugin ipmanager
2024-02-02 20:07:30,644 [INFO] PluginManage:359 - Loaded plugin ipmanager (category:base,tabindex:5)
2024-02-02 20:07:30,644 [INFO] PluginManage:310 - Check plugin lpbam
2024-02-02 20:07:30,655 [INFO] PluginManage:359 - Loaded plugin lpbam (category:base,tabindex:0)
2024-02-02 20:07:30,655 [INFO] PluginManage:310 - Check plugin memorymap
2024-02-02 20:07:30,672 [INFO] PluginManage:359 - Loaded plugin memorymap (category:base,tabindex:4)
2024-02-02 20:07:30,672 [INFO] PluginManage:310 - Check plugin pinoutandconfiguration
2024-02-02 20:07:30,678 [INFO] PluginManage:359 - Loaded plugin pinoutandconfiguration (category:base,tabindex:1)
2024-02-02 20:07:30,678 [INFO] PluginManage:310 - Check plugin pinoutconfig
2024-02-02 20:07:30,790 [WARN] SupportedApi:132 - Cannot load RTOS API schema: s4s-elt-must-match.1: The content of 'definitions' must match (annotation?, (simpleType | complexType)?, (unique | key | keyref)*)). A problem was found starting at: attribute.
2024-02-02 20:07:30,924 [INFO] PluginManage:359 - Loaded plugin pinoutconfig (category:base,tabindex:0)
2024-02-02 20:07:30,924 [INFO] PluginManage:310 - Check plugin power
2024-02-02 20:07:30,932 [INFO] PluginManage:359 - Loaded plugin power (category:power,tabindex:4)
2024-02-02 20:07:30,932 [INFO] PluginManage:310 - Check plugin projectmanager
2024-02-02 20:07:30,949 [INFO] PluginManage:359 - Loaded plugin projectmanager (category:projectmanager,tabindex:3)
2024-02-02 20:07:30,949 [INFO] PluginManage:310 - Check plugin thirdparty
2024-02-02 20:07:31,084 [INFO] PluginManage:359 - Loaded plugin thirdparty (category:base,tabindex:-1)
2024-02-02 20:07:31,084 [WARN] IntegrityCheckThread:84 - waiting for thirdparty lock release [integrity check]
2024-02-02 20:07:31,085 [INFO] PluginManage:310 - Check plugin tools
2024-02-02 20:07:31,085 [INFO] IntegrityCheckThread:86 - entering critical section [integrity check]
2024-02-02 20:07:31,085 [INFO] ThirdPartyUpdaterWithRetryManager:70 - Updater plugin not ready yet. [1/15]
2024-02-02 20:07:31,088 [INFO] PluginManage:359 - Loaded plugin tools (category:base,tabindex:7)
2024-02-02 20:07:31,088 [INFO] PluginManage:310 - Check plugin tutovideos
2024-02-02 20:07:31,253 [INFO] PluginManage:359 - Loaded plugin tutovideos (category:base,tabindex:-1)
2024-02-02 20:07:31,253 [INFO] PluginManage:310 - Check plugin updater
2024-02-02 20:07:31,264 [INFO] PluginManage:359 - Loaded plugin updater (category:base,tabindex:12)
2024-02-02 20:07:31,264 [INFO] PluginManage:310 - Check plugin userauth
2024-02-02 20:07:31,269 [INFO] UserAuth:114 - Init User Auth plugin
2024-02-02 20:07:31,270 [INFO] PluginManage:359 - Loaded plugin userauth (category:base,tabindex:14)
2024-02-02 20:07:31,270 [INFO] PluginManage:283 - PluginManage : Loaded plugins [17]
2024-02-02 20:07:31,511 [INFO] PinOutPanel:1499 - setPackage(No Configuration,No Configuration)
2024-02-02 20:07:31,600 [INFO] CADModel:165 - CPN selected for project level
2024-02-02 20:07:31,600 [INFO] CADModel:114 - Register for checkConnection events
2024-02-02 20:07:31,618 [INFO] IPUIPlugin:80 - create IPUIPlugin
2024-02-02 20:07:31,618 [INFO] PluginManager:220 - loadIPPluginJar : add adc
2024-02-02 20:07:31,620 [INFO] IPUIPlugin:80 - create IPUIPlugin
2024-02-02 20:07:31,620 [INFO] PluginManager:220 - loadIPPluginJar : add aes
2024-02-02 20:07:31,623 [INFO] IPUIPlugin:80 - create IPUIPlugin
2024-02-02 20:07:31,623 [INFO] PluginManager:220 - loadIPPluginJar : add can
2024-02-02 20:07:31,625 [INFO] IPUIPlugin:80 - create IPUIPlugin
2024-02-02 20:07:31,625 [INFO] PluginManager:220 - loadIPPluginJar : add comp
2024-02-02 20:07:31,634 [INFO] IPUIPlugin:80 - create IPUIPlugin
2024-02-02 20:07:31,634 [INFO] PluginManager:220 - loadIPPluginJar : add cryp
2024-02-02 20:07:31,638 [INFO] IPUIPlugin:80 - create IPUIPlugin
2024-02-02 20:07:31,638 [INFO] PluginManager:220 - loadIPPluginJar : add dfsdm
2024-02-02 20:07:31,643 [INFO] IPUIPlugin:80 - create IPUIPlugin
2024-02-02 20:07:31,643 [INFO] PluginManager:220 - loadIPPluginJar : add dma
2024-02-02 20:07:31,645 [INFO] IPUIPlugin:80 - create IPUIPlugin
2024-02-02 20:07:31,645 [INFO] PluginManager:220 - loadIPPluginJar : add dma3
2024-02-02 20:07:31,646 [INFO] IPUIPlugin:80 - create IPUIPlugin
2024-02-02 20:07:31,646 [INFO] PluginManager:220 - loadIPPluginJar : add fatfs
2024-02-02 20:07:31,651 [INFO] IPUIPlugin:80 - create IPUIPlugin
2024-02-02 20:07:31,651 [INFO] PluginManager:220 - loadIPPluginJar : add fmc
2024-02-02 20:07:31,655 [INFO] IPUIPlugin:80 - create IPUIPlugin
2024-02-02 20:07:31,655 [INFO] PluginManager:220 - loadIPPluginJar : add freertos
2024-02-02 20:07:31,657 [INFO] IPUIPlugin:80 - create IPUIPlugin
2024-02-02 20:07:31,657 [INFO] PluginManager:220 - loadIPPluginJar : add genericplugin
2024-02-02 20:07:31,658 [INFO] IPUIPlugin:80 - create IPUIPlugin
2024-02-02 20:07:31,658 [INFO] PluginManager:220 - loadIPPluginJar : add gfxmmu
2024-02-02 20:07:31,662 [INFO] IPUIPlugin:80 - create IPUIPlugin
2024-02-02 20:07:31,662 [INFO] PluginManager:220 - loadIPPluginJar : add gic
2024-02-02 20:07:31,666 [INFO] IPUIPlugin:80 - create IPUIPlugin
2024-02-02 20:07:31,666 [INFO] PluginManager:220 - loadIPPluginJar : add gpio
2024-02-02 20:07:31,668 [INFO] IPUIPlugin:80 - create IPUIPlugin
2024-02-02 20:07:31,668 [INFO] PluginManager:220 - loadIPPluginJar : add gtzc
2024-02-02 20:07:31,670 [INFO] IPUIPlugin:80 - create IPUIPlugin
2024-02-02 20:07:31,670 [INFO] PluginManager:220 - loadIPPluginJar : add hash
2024-02-02 20:07:31,672 [INFO] IPUIPlugin:80 - create IPUIPlugin
2024-02-02 20:07:31,672 [INFO] PluginManager:220 - loadIPPluginJar : add i2c
2024-02-02 20:07:31,673 [INFO] IPUIPlugin:80 - create IPUIPlugin
2024-02-02 20:07:31,673 [INFO] PluginManager:220 - loadIPPluginJar : add i2s
2024-02-02 20:07:31,675 [INFO] IPUIPlugin:80 - create IPUIPlugin
2024-02-02 20:07:31,675 [INFO] PluginManager:220 - loadIPPluginJar : add i3c
2024-02-02 20:07:31,679 [INFO] IPUIPlugin:80 - create IPUIPlugin
2024-02-02 20:07:31,679 [INFO] PluginManager:220 - loadIPPluginJar : add ipddr
2024-02-02 20:07:31,684 [INFO] IPUIPlugin:80 - create IPUIPlugin
2024-02-02 20:07:31,684 [INFO] PluginManager:220 - loadIPPluginJar : add linkedlist
2024-02-02 20:07:31,687 [INFO] IPUIPlugin:80 - create IPUIPlugin
2024-02-02 20:07:31,687 [INFO] PluginManager:220 - loadIPPluginJar : add lorawan
2024-02-02 20:07:31,690 [INFO] IPUIPlugin:80 - create IPUIPlugin
2024-02-02 20:07:31,690 [INFO] PluginManager:220 - loadIPPluginJar : add ltdc
2024-02-02 20:07:31,694 [INFO] IPUIPlugin:80 - create IPUIPlugin
2024-02-02 20:07:31,695 [INFO] PluginManager:220 - loadIPPluginJar : add mdma
2024-02-02 20:07:31,697 [INFO] IPUIPlugin:80 - create IPUIPlugin
2024-02-02 20:07:31,698 [INFO] PluginManager:220 - loadIPPluginJar : add nvic
2024-02-02 20:07:31,700 [INFO] IPUIPlugin:80 - create IPUIPlugin
2024-02-02 20:07:31,700 [INFO] PluginManager:220 - loadIPPluginJar : add opamp
2024-02-02 20:07:31,702 [INFO] IPUIPlugin:80 - create IPUIPlugin
2024-02-02 20:07:31,702 [INFO] PluginManager:220 - loadIPPluginJar : add openamp
2024-02-02 20:07:31,706 [INFO] IPUIPlugin:80 - create IPUIPlugin
2024-02-02 20:07:31,706 [INFO] PluginManager:220 - loadIPPluginJar : add pdm2pcm
2024-02-02 20:07:31,711 [INFO] IPUIPlugin:80 - create IPUIPlugin
2024-02-02 20:07:31,714 [INFO] PluginManager:220 - loadIPPluginJar : add plateformsettings
2024-02-02 20:07:31,716 [INFO] IPUIPlugin:80 - create IPUIPlugin
2024-02-02 20:07:31,716 [INFO] PluginManager:220 - loadIPPluginJar : add quadspi
2024-02-02 20:07:31,719 [INFO] IPUIPlugin:80 - create IPUIPlugin
2024-02-02 20:07:31,719 [INFO] PluginManager:220 - loadIPPluginJar : add resmgrutility
2024-02-02 20:07:31,721 [INFO] IPUIPlugin:80 - create IPUIPlugin
2024-02-02 20:07:31,722 [INFO] PluginManager:220 - loadIPPluginJar : add sai
2024-02-02 20:07:31,724 [INFO] IPUIPlugin:80 - create IPUIPlugin
2024-02-02 20:07:31,724 [INFO] PluginManager:220 - loadIPPluginJar : add spi
2024-02-02 20:07:31,729 [INFO] IPUIPlugin:80 - create IPUIPlugin
2024-02-02 20:07:31,729 [INFO] PluginManager:220 - loadIPPluginJar : add stm32_wpan
2024-02-02 20:07:31,730 [INFO] IPUIPlugin:80 - create IPUIPlugin
2024-02-02 20:07:31,730 [INFO] PluginManager:220 - loadIPPluginJar : add tim
2024-02-02 20:07:31,733 [INFO] IPUIPlugin:80 - create IPUIPlugin
2024-02-02 20:07:31,733 [INFO] PluginManager:220 - loadIPPluginJar : add touchsensing
2024-02-02 20:07:31,734 [INFO] IPUIPlugin:80 - create IPUIPlugin
2024-02-02 20:07:31,734 [INFO] PluginManager:220 - loadIPPluginJar : add tracer_emb
2024-02-02 20:07:31,736 [INFO] IPUIPlugin:80 - create IPUIPlugin
2024-02-02 20:07:31,736 [INFO] PluginManager:220 - loadIPPluginJar : add ts
2024-02-02 20:07:31,738 [INFO] IPUIPlugin:80 - create IPUIPlugin
2024-02-02 20:07:31,738 [INFO] PluginManager:220 - loadIPPluginJar : add tsc
2024-02-02 20:07:31,739 [INFO] IPUIPlugin:80 - create IPUIPlugin
2024-02-02 20:07:31,739 [INFO] PluginManager:220 - loadIPPluginJar : add ucpd
2024-02-02 20:07:31,741 [INFO] IPUIPlugin:80 - create IPUIPlugin
2024-02-02 20:07:31,741 [INFO] PluginManager:220 - loadIPPluginJar : add usart
2024-02-02 20:07:31,745 [INFO] IPUIPlugin:80 - create IPUIPlugin
2024-02-02 20:07:31,745 [INFO] PluginManager:220 - loadIPPluginJar : add usbx
2024-02-02 20:07:31,879 [INFO] CADModel:165 - CPN selected for project level
2024-02-02 20:07:31,879 [INFO] CADModel:114 - Register for checkConnection events
2024-02-02 20:07:31,879 [FATAL] Updater:308 - Updater called before beeing initialized
2024-02-02 20:07:31,879 [ERROR] CADModel:125 - Updater not yet initialized, retry later 
2024-02-02 20:07:32,060 [INFO] CADModel:165 - CPN selected for project level
2024-02-02 20:07:32,061 [INFO] CADModel:114 - Register for checkConnection events
2024-02-02 20:07:32,061 [FATAL] Updater:308 - Updater called before beeing initialized
2024-02-02 20:07:32,061 [ERROR] CADModel:125 - Updater not yet initialized, retry later 
2024-02-02 20:07:32,064 [FATAL] Updater:308 - Updater called before beeing initialized
2024-02-02 20:07:32,184 [FATAL] Updater:308 - Updater called before beeing initialized
2024-02-02 20:07:32,190 [INFO] DbMcusAds:53 - JSON generation date=Wed Nov 29 14:52:27 AZT 2023 (1701255147200)
2024-02-02 20:07:32,190 [FATAL] Updater:308 - Updater called before beeing initialized
2024-02-02 20:07:32,224 [WARN] DetailPanel:346 - Failed to get advertising image, set to default
2024-02-02 20:07:32,303 [FATAL] Updater:308 - Updater called before beeing initialized
2024-02-02 20:07:32,306 [FATAL] Updater:308 - Updater called before beeing initialized
2024-02-02 20:07:32,307 [FATAL] Updater:308 - Updater called before beeing initialized
2024-02-02 20:07:32,307 [WARN] DetailPanel:346 - Failed to get advertising image, set to default
2024-02-02 20:07:32,307 [FATAL] Updater:308 - Updater called before beeing initialized
2024-02-02 20:07:32,366 [ERROR] Updater:1120 - MainUpdater not yet initialized. External WinMGr cannot be set.
2024-02-02 20:07:32,369 [INFO] Updater:1056 - Updater Version found : 6.10.0
2024-02-02 20:07:32,391 [INFO] ApplicationProperties:184 - Using Application install path: C:\ST\STM32CubeIDE_1.13.0\STM32CubeIDE\plugins\com.st.stm32cube.common.mx_6.10.0.202311202037
2024-02-02 20:07:33,090 [INFO] MainUpdater:2873 - connection check result : 10
2024-02-02 20:07:33,090 [INFO] MainUpdater:290 - Updater Check For Update Now.
2024-02-02 20:07:33,091 [INFO] MicroXplorer:498 - Change Database Version : DB.6.0.100
2024-02-02 20:07:33,098 [INFO] McuFinderGlobals:63 - Set McuFinder mode to 2 (CubeIDE integrated)
2024-02-02 20:07:33,108 [INFO] UserAuth:404 - Internet connection configuration mode: 1
2024-02-02 20:07:33,133 [INFO] JxBrowserEngine:152 - Initiate JxBrowser Engine with user profile folder
2024-02-02 20:07:33,315 [INFO] CheckServerUpdateThread:120 - End of CheckServer Thread
2024-02-02 20:07:33,804 [INFO] WebApp:161 - Instantiating new browser for Auth
2024-02-02 20:07:34,251 [WARN] PackLoader:240 - Cannot read IP mode file for STMicroelectronics.X-CUBE-SMBUS.2.1.0
2024-02-02 20:07:34,265 [WARN] PackLoader:240 - Cannot read IP mode file for STMicroelectronics.X-CUBE-TOUCHGFX.4.23.0
2024-02-02 20:07:34,426 [WARN] PackLoader:240 - Cannot read IP mode file for STMicroelectronics.X-CUBE-AZRTOS-F7.1.1.0
2024-02-02 20:07:34,562 [INFO] WebApp:780 - Register for checkConnection events
2024-02-02 20:07:34,562 [INFO] WebApp:414 - Apply proxy settings
2024-02-02 20:07:34,562 [INFO] WebApp:499 - Chromium requires no authentication
2024-02-02 20:07:34,575 [INFO] WebApp:442 - Direct internet connection detected
2024-02-02 20:07:34,585 [WARN] PackLoader:240 - Cannot read IP mode file for STMicroelectronics.FP-SNS-MOTENV1.4.3.2
2024-02-02 20:07:34,598 [WARN] PackLoader:240 - Cannot read IP mode file for STMicroelectronics.X-CUBE-BLE1.6.2.4
2024-02-02 20:07:34,613 [WARN] PackLoader:240 - Cannot read IP mode file for STMicroelectronics.FP-SNS-FLIGHT1.5.0.2
2024-02-02 20:07:34,626 [WARN] PackLoader:240 - Cannot read IP mode file for STMicroelectronics.X-CUBE-DISPLAY.3.0.0
2024-02-02 20:07:34,641 [WARN] PackLoader:240 - Cannot read IP mode file for STMicroelectronics.X-CUBE-BLE1.7.0.0
2024-02-02 20:07:34,650 [WARN] PackLoader:240 - Cannot read IP mode file for emotas.I-CUBE-CANOPEN.1.3.0
2024-02-02 20:07:34,656 [WARN] PackLoader:240 - Cannot read IP mode file for STMicroelectronics.X-CUBE-TOUCHGFX.4.22.0
2024-02-02 20:07:34,723 [WARN] PackLoader:240 - Cannot read IP mode file for STMicroelectronics.X-CUBE-TOUCHGFX.4.22.1
2024-02-02 20:07:34,733 [WARN] PackLoader:240 - Cannot read IP mode file for STMicroelectronics.FP-SNS-SMARTAG2.1.2.0
2024-02-02 20:07:34,748 [INFO] LogOutputStream:77 - [STDOUT_REDIRECT] 1 : Invalid condition id : UX_CORESTACK_Condition cause : null
2024-02-02 20:07:34,749 [INFO] LogOutputStream:77 - [STDOUT_REDIRECT] 1 : Invalid condition id : UX_CORESTACK_Condition cause : null
2024-02-02 20:07:34,750 [INFO] LogOutputStream:77 - [STDOUT_REDIRECT] 1 : Invalid condition id : UX_CORESTACK_Condition cause : null
2024-02-02 20:07:34,751 [INFO] LogOutputStream:77 - [STDOUT_REDIRECT] 1 : Invalid condition id : UX_CORESTACK_Condition cause : null
2024-02-02 20:07:34,752 [INFO] LogOutputStream:77 - [STDOUT_REDIRECT] 1 : Invalid condition id : UX_CORESTACK_Condition cause : null
2024-02-02 20:07:34,757 [WARN] PackLoader:240 - Cannot read IP mode file for STMicroelectronics.X-CUBE-AZRTOS-WL.2.0.0
2024-02-02 20:07:34,770 [WARN] PackLoader:240 - Cannot read IP mode file for WES.I-CUBE-Cesium.1.3.0
2024-02-02 20:07:34,781 [WARN] PackLoader:240 - Cannot read IP mode file for STMicroelectronics.X-CUBE-BLE2.3.3.0
2024-02-02 20:07:34,792 [WARN] PackLoader:240 - Cannot read IP mode file for STMicroelectronics.X-CUBE-ALGOBUILD.1.3.0
2024-02-02 20:07:34,817 [WARN] PackLoader:240 - Cannot read IP mode file for STMicroelectronics.X-CUBE-AZRTOS-G0.1.1.0
2024-02-02 20:07:34,831 [WARN] PackLoader:240 - Cannot read IP mode file for STMicroelectronics.X-CUBE-NFC4.3.0.0
2024-02-02 20:07:34,883 [WARN] PackLoader:240 - Cannot read IP mode file for SEGGER.I-CUBE-embOS.1.2.0
2024-02-02 20:07:34,960 [INFO] WebApp:192 - Starting web application
2024-02-02 20:07:34,960 [INFO] WebApp:544 - Web application path used C:\ST\STM32CubeIDE_1.13.0\STM32CubeIDE\plugins\com.st.stm32cube.common.mx_6.10.0.202311202037\db\plugins\mcufinder\reactClient1\index.html
2024-02-02 20:07:34,982 [WARN] PackLoader:240 - Cannot read IP mode file for STMicroelectronics.X-CUBE-BLEMGR.3.0.0
2024-02-02 20:07:35,002 [WARN] PackLoader:240 - Cannot read IP mode file for STMicroelectronics.FP-ATR-SIGFOX1.3.2.0
2024-02-02 20:07:35,010 [WARN] PackLoader:240 - Cannot read IP mode file for STMicroelectronics.X-CUBE-EEPRMA1.5.1.0
2024-02-02 20:07:35,050 [WARN] PackLoader:240 - Cannot read IP mode file for SEGGER.I-CUBE-embOS.1.3.1
2024-02-02 20:07:35,148 [WARN] PackLoader:240 - Cannot read IP mode file for SEGGER.I-CUBE-embOS.1.3.0
2024-02-02 20:07:35,245 [WARN] PackLoader:240 - Cannot read IP mode file for STMicroelectronics.X-CUBE-GNSS1.6.0.0
2024-02-02 20:07:35,265 [WARN] PackLoader:240 - Cannot read IP mode file for STMicroelectronics.X-CUBE-AZRTOS-F4.1.1.0
2024-02-02 20:07:35,276 [WARN] PackLoader:240 - Cannot read IP mode file for wolfSSL.I-CUBE-wolfSSL.5.6.3
2024-02-02 20:07:35,293 [WARN] PackLoader:240 - Cannot read IP mode file for STMicroelectronics.X-CUBE-AZRTOS-L5.2.0.0
2024-02-02 20:07:35,333 [WARN] PackLoader:240 - Cannot read IP mode file for STMicroelectronics.X-CUBE-MEMS1.9.6.0
2024-02-02 20:07:35,483 [WARN] PackLoader:240 - Cannot read IP mode file for STMicroelectronics.X-CUBE-EEPRMA1.4.2.0
2024-02-02 20:07:35,494 [WARN] PackLoader:240 - Cannot read IP mode file for ITTIA_DB.I-CUBE-ITTIADB.8.8.0
2024-02-02 20:07:35,503 [WARN] PackLoader:240 - Cannot read IP mode file for STMicroelectronics.X-CUBE-BLEMGR.2.0.0
2024-02-02 20:07:35,524 [WARN] ConditionMgr:438 - getConditionDescription Invalid condition id : UX DEVICE CLASS RTOS Condition cause : null
2024-02-02 20:07:35,525 [WARN] ConditionMgr:438 - getConditionDescription Invalid condition id : UX DEVICE CLASS RTOS Condition cause : null
2024-02-02 20:07:35,529 [WARN] PackLoader:240 - Cannot read IP mode file for STMicroelectronics.X-CUBE-AZRTOS-H7.3.1.0
2024-02-02 20:07:35,532 [WARN] ConditionMgr:1039 - genDependencies : Invalid condition id : UX DEVICE CLASS RTOS Condition cause : null
2024-02-02 20:07:35,532 [WARN] ConditionMgr:1039 - genDependencies : Invalid condition id : UX DEVICE CLASS RTOS Condition cause : null
2024-02-02 20:07:35,533 [WARN] ConditionMgr:1039 - genDependencies : Invalid condition id : UX DEVICE CLASS RTOS Condition cause : null
2024-02-02 20:07:35,533 [WARN] ConditionMgr:1039 - genDependencies : Invalid condition id : UX DEVICE CLASS RTOS Condition cause : null
2024-02-02 20:07:35,533 [WARN] ConditionMgr:1039 - genDependencies : Invalid condition id : UX DEVICE CLASS RTOS Condition cause : null
2024-02-02 20:07:35,545 [WARN] PackLoader:240 - Cannot read IP mode file for STMicroelectronics.X-CUBE-NFC7.1.0.1
2024-02-02 20:07:35,560 [WARN] PackLoader:240 - Cannot read IP mode file for STMicroelectronics.X-CUBE-NFC6.3.0.0
2024-02-02 20:07:35,568 [WARN] PackLoader:240 - Cannot read IP mode file for STMicroelectronics.X-CUBE-EEPRMA1.4.1.0
2024-02-02 20:07:35,576 [WARN] PackLoader:240 - Cannot read IP mode file for STMicroelectronics.X-CUBE-AI.8.1.0
2024-02-02 20:07:35,597 [WARN] ConditionMgr:438 - getConditionDescription Invalid condition id : LAN8742 Phy interface Condition cause : null
2024-02-02 20:07:35,598 [WARN] PackLoader:240 - Cannot read IP mode file for STMicroelectronics.X-CUBE-AZRTOS-L4.2.0.0
2024-02-02 20:07:35,599 [WARN] ConditionMgr:1039 - genDependencies : Invalid condition id : LAN8742 Phy interface Condition cause : null
2024-02-02 20:07:35,600 [WARN] ConditionMgr:1039 - genDependencies : Invalid condition id : LAN8742 Phy interface Condition cause : null
2024-02-02 20:07:35,601 [WARN] ConditionMgr:1039 - genDependencies : Invalid condition id : LAN8742 Phy interface Condition cause : null
2024-02-02 20:07:35,612 [WARN] PackLoader:240 - Cannot read IP mode file for STMicroelectronics.X-CUBE-SFXS2LP1.4.0.0
2024-02-02 20:07:35,618 [WARN] PackLoader:240 - Cannot read IP mode file for STMicroelectronics.X-CUBE-ISPU.1.1.0
2024-02-02 20:07:35,629 [WARN] ConditionMgr:438 - getConditionDescription Invalid condition id : UX DEVICE CLASS RTOS Condition cause : null
2024-02-02 20:07:35,629 [WARN] ConditionMgr:438 - getConditionDescription Invalid condition id : UX DEVICE CLASS RTOS Condition cause : null
2024-02-02 20:07:35,631 [WARN] PackLoader:240 - Cannot read IP mode file for STMicroelectronics.X-CUBE-AZRTOS-WB.2.0.0
2024-02-02 20:07:35,631 [WARN] ConditionMgr:1039 - genDependencies : Invalid condition id : UX DEVICE CLASS RTOS Condition cause : null
2024-02-02 20:07:35,631 [WARN] ConditionMgr:1039 - genDependencies : Invalid condition id : UX DEVICE CLASS RTOS Condition cause : null
2024-02-02 20:07:35,631 [WARN] ConditionMgr:1039 - genDependencies : Invalid condition id : UX DEVICE CLASS RTOS Condition cause : null
2024-02-02 20:07:35,632 [WARN] ConditionMgr:1039 - genDependencies : Invalid condition id : UX DEVICE CLASS RTOS Condition cause : null
2024-02-02 20:07:35,632 [WARN] ConditionMgr:1039 - genDependencies : Invalid condition id : UX DEVICE CLASS RTOS Condition cause : null
2024-02-02 20:07:35,640 [WARN] PackLoader:240 - Cannot read IP mode file for STMicroelectronics.X-CUBE-FREERTOS.1.0.1
2024-02-02 20:07:35,650 [WARN] PackLoader:240 - Cannot read IP mode file for STMicroelectronics.X-CUBE-AZRTOS-L5.1.1.0
2024-02-02 20:07:35,658 [WARN] PackLoader:240 - Cannot read IP mode file for STMicroelectronics.X-CUBE-AI.8.0.1
2024-02-02 20:07:35,667 [WARN] PackLoader:240 - Cannot read IP mode file for STMicroelectronics.X-CUBE-SUBG2.5.0.0
2024-02-02 20:07:35,679 [WARN] PackLoader:240 - Cannot read IP mode file for STMicroelectronics.X-CUBE-TOF1.3.3.1
2024-02-02 20:07:35,696 [WARN] PackLoader:240 - Cannot read IP mode file for STMicroelectronics.X-CUBE-AZRTOS-G4.2.0.0
2024-02-02 20:07:35,711 [WARN] PackLoader:240 - Cannot read IP mode file for Infineon.AIROC-Wi-Fi-Bluetooth-STM32.1.5.1
2024-02-02 20:07:35,720 [WARN] PackLoader:240 - Cannot read IP mode file for STMicroelectronics.FP-SNS-MOTENVWB1.1.3.0
2024-02-02 20:07:35,726 [WARN] PackLoader:240 - Cannot read IP mode file for STMicroelectronics.FP-SNS-MOTENVWB1.1.3.1
2024-02-02 20:07:35,730 [WARN] PackLoader:240 - Cannot read IP mode file for STMicroelectronics.X-CUBE-ISPU.2.0.0
2024-02-02 20:07:35,756 [WARN] PackLoader:240 - Cannot read IP mode file for STMicroelectronics.X-CUBE-MEMS1.10.0.0
2024-02-02 20:07:35,851 [WARN] PackLoader:240 - Cannot read IP mode file for STMicroelectronics.X-CUBE-FREERTOS.1.1.0
2024-02-02 20:07:35,857 [WARN] PackLoader:240 - Cannot read IP mode file for portGmbH.I-Cube-SoM-uGOAL.1.1.0
2024-02-02 20:07:35,861 [WARN] PackLoader:240 - Cannot read IP mode file for STMicroelectronics.X-CUBE-ALS.1.0.1
2024-02-02 20:07:35,870 [WARN] PackLoader:240 - Cannot read IP mode file for STMicroelectronics.X-CUBE-AZRTOS-WB.1.1.0
2024-02-02 20:07:35,880 [WARN] PackLoader:240 - Cannot read IP mode file for STMicroelectronics.FP-ATR-ASTRA1.2.0.0
2024-02-02 20:07:35,891 [WARN] PackLoader:240 - Cannot read IP mode file for STMicroelectronics.X-CUBE-TOF1.3.4.0
2024-02-02 20:07:35,915 [WARN] PackLoader:240 - Cannot read IP mode file for STMicroelectronics.X-CUBE-AZRTOS-H7.3.2.0
2024-02-02 20:07:35,920 [INFO] ThirdParty:978 - Integrity check success = true
2024-02-02 20:07:35,921 [INFO] IntegrityCheckThread:100 - exiting critical section [integrity check]
2024-02-02 20:07:35,921 [INFO] IntegrityCheckThread:103 - End integrity checks thread
2024-02-02 20:07:49,052 [ERROR] LogOutputStream:75 - [STDERR_REDIRECT] SLF4J: Failed to load class "org.slf4j.impl.StaticLoggerBinder".
2024-02-02 20:07:49,054 [ERROR] LogOutputStream:75 - [STDERR_REDIRECT] SLF4J: Defaulting to no-operation (NOP) logger implementation
2024-02-02 20:07:49,055 [ERROR] LogOutputStream:75 - [STDERR_REDIRECT] SLF4J: See http://www.slf4j.org/codes.html#StaticLoggerBinder for further details.
